<?xml version="1.0" encoding="UTF-8"?>
<!-- Generated by org.testng.reporters.JUnitReportReporter -->
<testsuite skipped="1" hostname="JAYARAJ-PC" name="com.qa.tests.HomePageTest" tests="2" failures="0" timestamp="1 Dec 2020 22:24:45 GMT" time="0.003" errors="1">
  <testcase name="homePage" time="0.003" classname="com.qa.tests.HomePageTest">
    <skipped/>
  </testcase> <!-- homePage -->
  <testcase name="setup" time="0.000" classname="com.qa.tests.HomePageTest">
    <error type="org.openqa.selenium.SessionNotCreatedException" message="session not created: This version of ChromeDriver only supports Chrome version 85
Build info: version: &#039;4.0.0-alpha-7&#039;, revision: &#039;de8579b6d5&#039;
System info: host: &#039;JAYARAJ-PC&#039;, ip: &#039;192.168.1.68&#039;, os.name: &#039;Windows 10&#039;, os.arch: &#039;amd64&#039;, os.version: &#039;10.0&#039;, java.version: &#039;1.8.0_271&#039;
Driver info: driver.version: ChromeDriver
remote stacktrace: Backtrace:
	Ordinal0 [0x0089D383+3134339]
	Ordinal0 [0x0078A171+2007409]
	Ordinal0 [0x0062AEE8+569064]
	Ordinal0 [0x005B139F+70559]
	Ordinal0 [0x005ACC63+52323]
	Ordinal0 [0x005D0DFC+200188]
	Ordinal0 [0x005D0C1D+199709]
	Ordinal0 [0x005CEB0B+191243]
	Ordinal0 [0x005B2E77+77431]
	Ordinal0 [0x005B3E3E+81470]
	Ordinal0 [0x005B3DC9+81353]
	Ordinal0 [0x007A0CD9+2100441]
	GetHandleVerifier [0x00A0B75A+1396954]
	GetHandleVerifier [0x00A0B3D9+1396057]
	GetHandleVerifier [0x00A17126+1444518]
	GetHandleVerifier [0x00A0BCE8+1398376]
	Ordinal0 [0x00797F51+2064209]
	Ordinal0 [0x007A22EB+2106091]
	Ordinal0 [0x007A2411+2106385]
	Ordinal0 [0x007B49C4+2181572]
	BaseThreadInitThunk [0x74B36359+25]
	RtlGetAppContainerNamedObjectPath [0x77408944+228]
	RtlGetAppContainerNamedObjectPath [0x77408914+180]
">
      <![CDATA[org.openqa.selenium.SessionNotCreatedException: session not created: This version of ChromeDriver only supports Chrome version 85
Build info: version: '4.0.0-alpha-7', revision: 'de8579b6d5'
System info: host: 'JAYARAJ-PC', ip: '192.168.1.68', os.name: 'Windows 10', os.arch: 'amd64', os.version: '10.0', java.version: '1.8.0_271'
Driver info: driver.version: ChromeDriver
remote stacktrace: Backtrace:
	Ordinal0 [0x0089D383+3134339]
	Ordinal0 [0x0078A171+2007409]
	Ordinal0 [0x0062AEE8+569064]
	Ordinal0 [0x005B139F+70559]
	Ordinal0 [0x005ACC63+52323]
	Ordinal0 [0x005D0DFC+200188]
	Ordinal0 [0x005D0C1D+199709]
	Ordinal0 [0x005CEB0B+191243]
	Ordinal0 [0x005B2E77+77431]
	Ordinal0 [0x005B3E3E+81470]
	Ordinal0 [0x005B3DC9+81353]
	Ordinal0 [0x007A0CD9+2100441]
	GetHandleVerifier [0x00A0B75A+1396954]
	GetHandleVerifier [0x00A0B3D9+1396057]
	GetHandleVerifier [0x00A17126+1444518]
	GetHandleVerifier [0x00A0BCE8+1398376]
	Ordinal0 [0x00797F51+2064209]
	Ordinal0 [0x007A22EB+2106091]
	Ordinal0 [0x007A2411+2106385]
	Ordinal0 [0x007B49C4+2181572]
	BaseThreadInitThunk [0x74B36359+25]
	RtlGetAppContainerNamedObjectPath [0x77408944+228]
	RtlGetAppContainerNamedObjectPath [0x77408914+180]

	at sun.reflect.NativeConstructorAccessorImpl.newInstance0(Native Method)
	at sun.reflect.NativeConstructorAccessorImpl.newInstance(NativeConstructorAccessorImpl.java:62)
	at sun.reflect.DelegatingConstructorAccessorImpl.newInstance(DelegatingConstructorAccessorImpl.java:45)
	at java.lang.reflect.Constructor.newInstance(Constructor.java:423)
	at org.openqa.selenium.remote.W3CHandshakeResponse.lambda$errorHandler$0(W3CHandshakeResponse.java:62)
	at org.openqa.selenium.remote.HandshakeResponse.lambda$getResponseFunction$0(HandshakeResponse.java:30)
	at org.openqa.selenium.remote.ProtocolHandshake.lambda$createSession$1(ProtocolHandshake.java:126)
	at java.util.stream.ReferencePipeline$3$1.accept(ReferencePipeline.java:193)
	at java.util.Spliterators$ArraySpliterator.tryAdvance(Spliterators.java:958)
	at java.util.stream.ReferencePipeline.forEachWithCancel(ReferencePipeline.java:126)
	at java.util.stream.AbstractPipeline.copyIntoWithCancel(AbstractPipeline.java:499)
	at java.util.stream.AbstractPipeline.copyInto(AbstractPipeline.java:486)
	at java.util.stream.AbstractPipeline.wrapAndCopyInto(AbstractPipeline.java:472)
	at java.util.stream.FindOps$FindOp.evaluateSequential(FindOps.java:152)
	at java.util.stream.AbstractPipeline.evaluate(AbstractPipeline.java:234)
	at java.util.stream.ReferencePipeline.findFirst(ReferencePipeline.java:464)
	at org.openqa.selenium.remote.ProtocolHandshake.createSession(ProtocolHandshake.java:128)
	at org.openqa.selenium.remote.ProtocolHandshake.createSession(ProtocolHandshake.java:75)
	at org.openqa.selenium.remote.HttpCommandExecutor.execute(HttpCommandExecutor.java:139)
	at org.openqa.selenium.remote.service.DriverCommandExecutor.execute(DriverCommandExecutor.java:123)
	at org.openqa.selenium.remote.RemoteWebDriver.execute(RemoteWebDriver.java:501)
	at org.openqa.selenium.remote.RemoteWebDriver.startSession(RemoteWebDriver.java:207)
	at org.openqa.selenium.remote.RemoteWebDriver.<init>(RemoteWebDriver.java:127)
	at org.openqa.selenium.chromium.ChromiumDriver.<init>(ChromiumDriver.java:93)
	at org.openqa.selenium.chrome.ChromeDriver.<init>(ChromeDriver.java:163)
	at org.openqa.selenium.chrome.ChromeDriver.<init>(ChromeDriver.java:150)
	at org.openqa.selenium.chrome.ChromeDriver.<init>(ChromeDriver.java:105)
	at com.qa.testbase.BaseTest.initialization(BaseTest.java:29)
	at com.qa.tests.HomePageTest.setup(HomePageTest.java:24)
	at sun.reflect.NativeMethodAccessorImpl.invoke0(Native Method)
	at sun.reflect.NativeMethodAccessorImpl.invoke(NativeMethodAccessorImpl.java:62)
	at sun.reflect.DelegatingMethodAccessorImpl.invoke(DelegatingMethodAccessorImpl.java:43)
	at java.lang.reflect.Method.invoke(Method.java:498)
	at org.testng.internal.MethodInvocationHelper.invokeMethod(MethodInvocationHelper.java:100)
	at org.testng.internal.Invoker.invokeConfigurationMethod(Invoker.java:515)
	at org.testng.internal.Invoker.invokeConfigurations(Invoker.java:216)
	at org.testng.internal.Invoker.invokeMethod(Invoker.java:590)
	at org.testng.internal.Invoker.invokeTestMethod(Invoker.java:811)
	at org.testng.internal.Invoker.invokeTestMethods(Invoker.java:1137)
	at org.testng.internal.TestMethodWorker.invokeTestMethods(TestMethodWorker.java:129)
	at org.testng.internal.TestMethodWorker.run(TestMethodWorker.java:112)
	at org.testng.TestRunner.privateRun(TestRunner.java:753)
	at org.testng.TestRunner.run(TestRunner.java:607)
	at org.testng.SuiteRunner.runTest(SuiteRunner.java:368)
	at org.testng.SuiteRunner.runSequentially(SuiteRunner.java:363)
	at org.testng.SuiteRunner.privateRun(SuiteRunner.java:321)
	at org.testng.SuiteRunner.run(SuiteRunner.java:270)
	at org.testng.SuiteRunnerWorker.runSuite(SuiteRunnerWorker.java:52)
	at org.testng.SuiteRunnerWorker.run(SuiteRunnerWorker.java:86)
	at org.testng.TestNG.runSuitesSequentially(TestNG.java:1284)
	at org.testng.TestNG.runSuitesLocally(TestNG.java:1209)
	at org.testng.TestNG.runSuites(TestNG.java:1124)
	at org.testng.TestNG.run(TestNG.java:1096)
	at org.testng.remote.AbstractRemoteTestNG.run(AbstractRemoteTestNG.java:132)
	at org.testng.remote.RemoteTestNG.initAndRun(RemoteTestNG.java:236)
	at org.testng.remote.RemoteTestNG.main(RemoteTestNG.java:81)
]]>
    </error>
  </testcase> <!-- setup -->
</testsuite> <!-- com.qa.tests.HomePageTest -->
